[2025/07/21 19:33:38]: §9          __             _       
[2025/07/21 19:33:38]: §9  _ __   / /  ___   __ _(_)_ __  
[2025/07/21 19:33:38]: §9 | '_ \ / /  / _ \ / _` | | '_ \ 
[2025/07/21 19:33:38]: §9 | | | / /__| (_) | (_| | | | | |
[2025/07/21 19:33:38]: §9 |_| |_\____/\___/ \__, |_|_| |_|
[2025/07/21 19:33:38]: §9                  |___/            
[2025/07/21 19:33:38]: §9 By: www.nickuc.com - V 10.4.23 DEVELOPMENT
[2025/07/21 19:33:38]: §9 
[2025/07/21 19:33:38]: §3[nLogin] [DEBUG] The config.yml file was created successfully.
[2025/07/21 19:33:42]: §3[nLogin] [DEBUG] All settings were loaded in 3441 ms.
[2025/07/21 19:33:42]: §3[nLogin] [DEBUG] Loading the messages_es.yml message file...
[2025/07/21 19:33:42]: §3[nLogin] [DEBUG] All plugin messages were loaded in 55 ms (languageByClient=false).
[2025/07/21 19:33:42]: §3[nLogin] [DEBUG] All proxy settings were loaded in 1 ms.
[2025/07/21 19:33:42]: §3[nLogin] [DEBUG] Loading database...
[2025/07/21 19:33:42]: [nLogin] Generating RSA keypair... (this may take a while)
[2025/07/21 19:33:43]: [nLogin] The RSA key pair was successfully generated. Took 1.47s
[2025/07/21 19:33:44]: §3[nLogin] [DEBUG] Starting logger filter...
[2025/07/21 19:33:57]: 
[2025/07/21 19:33:57]:  §bThank you so much for choosing nLogin! §4<3
[2025/07/21 19:33:57]: 
[2025/07/21 19:33:57]:  §4For your safety, please read the message below:
[2025/07/21 19:33:57]:   §cNever download nLogin from unknown sources.
[2025/07/21 19:33:57]:   §cA modified version may contain malicious software.
[2025/07/21 19:33:57]: 
[2025/07/21 19:33:57]:  §3Trusted sources:
[2025/07/21 19:33:57]:   §bwww.nickuc.com
[2025/07/21 19:33:57]:   §bwww.github.com/nickuc
[2025/07/21 19:33:57]:   §bOpeNLogin installer (from Spigot or GitHub)
[2025/07/21 19:33:57]: 
[2025/07/21 19:33:57]:  §3Official support channels:
[2025/07/21 19:33:57]:   §bDiscord group: §fwww.nickuc.com/discord
[2025/07/21 19:33:57]:   §bDocumentation: §fdocs.nickuc.com/nlogin/
[2025/07/21 19:33:57]:   §bEmail: §fsupport@nickuc.com
[2025/07/21 19:33:57]:   §bYouTube: §fyoutube.com/nickuc
[2025/07/21 19:33:57]: 
[2025/07/21 19:33:57]:  §eTo remove this warning, log in with "nlogin.admin" permission on the server
[2025/07/21 19:33:57]:  §eand click the "Setup plugin" button to configure your plugin.
[2025/07/21 19:33:57]: 
[2025/07/21 19:38:33]: §3[nLogin] [DEBUG] [SQLite] [UPDATE]: "INSERT INTO `nlogin` (`last_name`, `unique_id`, `mojang_id`, `bedrock_id`, `password`, `last_ip`, `creation_date`, `last_seen`, `email`, `discord`, `settings`) VALUES ('_ItsSam', e085de08dde4371b8b539e3baa457839, null, null, '$2a$10$ee4.LrITGVyWOJ3WmCFaL.E.ssEqYiSxAEwpoi2VgopL5FVjuu8.W', '127.35.165.224', '2025-07-21 19:38:33.722', '2025-07-21 19:38:33.722', null, null, '{"settings":[{"value":true,"key":"force-invalid-session"}],"version":0}')" (applied to all columns)
[2025/07/21 19:38:33]: [nLogin] The user _ItsSam has successfully registered.
[2025/07/21 20:24:50]: §3[nLogin] [DEBUG] All settings were loaded in 9 ms.
[2025/07/21 20:24:50]: §3[nLogin] [DEBUG] Loading the messages_es.yml message file...
[2025/07/21 20:24:50]: §3[nLogin] [DEBUG] All plugin messages were loaded in 11 ms (languageByClient=false).
[2025/07/21 20:24:50]: §3[nLogin] [DEBUG] All proxy settings were loaded in 0 ms.
[2025/07/21 20:32:59]: §3[nLogin] [DEBUG] [SQLite] [UPDATE]: "UPDATE `nlogin` SET `last_name` = '_ItsSam', `unique_id` = e085de08dde4371b8b539e3baa457839,  `mojang_id` = null,  `bedrock_id` = null,  `password` = '$2a$10$ee4.LrITGVyWOJ3WmCFaL.E.ssEqYiSxAEwpoi2VgopL5FVjuu8.W', `last_ip` = '127.35.165.224', `creation_date` = 2025-07-21 19:38:33.722, `last_seen` = 2025-07-21 20:32:59.873, `email` = null, `discord` = null, `settings` = '{"settings":[{"value":true,"key":"force-invalid-session"},{"value":"es","key":"language"}],"version":0}' WHERE `ai` = 1" (applied to [last_seen, settings] columns)
[2025/07/21 20:33:13]: §3[nLogin] [DEBUG] [SQLite] [UPDATE]: "UPDATE `nlogin` SET `last_name` = '_ItsSam', `unique_id` = e085de08dde4371b8b539e3baa457839,  `mojang_id` = null,  `bedrock_id` = null,  `password` = '$2a$10$ee4.LrITGVyWOJ3WmCFaL.E.ssEqYiSxAEwpoi2VgopL5FVjuu8.W', `last_ip` = '127.35.165.224', `creation_date` = 2025-07-21 19:38:33.722, `last_seen` = 2025-07-21 20:33:13.453, `email` = null, `discord` = null, `settings` = '{"settings":[{"value":"es","key":"language"}],"version":0}' WHERE `ai` = 1" (applied to [last_ip, last_seen, settings] columns)
[2025/07/21 20:33:13]: [nLogin] The user _ItsSam has successfully logged in.
[2025/07/21 20:38:42]: [nLogin] Successful plugin core shutdown (took 0.00s)
