[21:30:01] [ServerMain/INFO]: [bootstrap] Running Java 21 (OpenJDK 64-Bit Server VM 21.0.7+6-Ubuntu-0ubuntu124.04; Ubuntu null) on Linux 6.8.0-1027-azure (amd64)
[21:30:01] [ServerMain/INFO]: [bootstrap] Loading Paper 1.21-130-master@b1b5d4c (2024-08-10T10:02:42Z) for Minecraft 1.21
[21:30:01] [ServerMain/INFO]: [PluginInitializerManager] Initializing plugins...
[21:30:02] [ServerMain/INFO]: [PluginInitializerManager] Initialized 1 plugin
[21:30:02] [ServerMain/INFO]: [PluginInitializerManager] Bukkit plugins (1):
 - FastAsyncWorldEdit (2.13.1-SNAPSHOT-1130;ef7e84e)
[21:30:06] [ServerMain/INFO]: Environment: Environment[sessionHost=https://sessionserver.mojang.com, servicesHost=https://api.minecraftservices.com, name=PROD]
[21:30:08] [ServerMain/INFO]: Loaded 1290 recipes
[21:30:08] [ServerMain/INFO]: Loaded 1399 advancements
[21:30:08] [Server thread/INFO]: Starting minecraft server version 1.21
[21:30:08] [Server thread/INFO]: Loading properties
[21:30:08] [Server thread/INFO]: This server is running Paper version 1.21-130-master@b1b5d4c (2024-08-10T10:02:42Z) (Implementing API version 1.21-R0.1-SNAPSHOT)
[21:30:09] [Server thread/INFO]: [spark] This server bundles the spark profiler. For more information please visit https://docs.papermc.io/paper/profiling
[21:30:09] [Server thread/INFO]: Server Ping Player Sample Count: 12
[21:30:09] [Server thread/INFO]: Using 4 threads for Netty based IO
[21:30:10] [Server thread/INFO]: [ChunkTaskScheduler] Chunk system is using 1 I/O threads, 1 worker threads, and population gen parallelism of 1 threads
[21:30:10] [Server thread/INFO]: Default game type: SURVIVAL
[21:30:10] [Server thread/INFO]: Generating keypair
[21:30:10] [Server thread/INFO]: Starting Minecraft server on *:25565
[21:30:10] [Server thread/INFO]: Using epoll channel type
[21:30:10] [Server thread/INFO]: Paper: Using libdeflate (Linux x86_64) compression from Velocity.
[21:30:10] [Server thread/INFO]: Paper: Using OpenSSL 3.0.x (Linux x86_64) cipher from Velocity.
[21:30:10] [Server thread/INFO]: [FastAsyncWorldEdit] Loading server plugin FastAsyncWorldEdit v2.13.1-SNAPSHOT-1130;ef7e84e
[21:30:10] [Server thread/INFO]: Default configuration file written: worldedit-config.yml
[21:30:13] [Server thread/INFO]: Got request to register class com.sk89q.worldedit.bukkit.BukkitServerInterface with WorldEdit [com.sk89q.worldedit.extension.platform.PlatformManager@7af18108]
[21:30:13] [Server thread/INFO]: Server permissions file permissions.yml is empty, ignoring it
[21:30:13] [Server thread/INFO]: [FastAsyncWorldEdit] Enabling FastAsyncWorldEdit v2.13.1-SNAPSHOT-1130;ef7e84e
[21:30:13] [Server thread/INFO]: [com.fastasyncworldedit.core.Fawe] LZ4 Compression Binding loaded successfully
[21:30:14] [Server thread/INFO]: [com.fastasyncworldedit.core.Fawe] ZSTD Compression Binding loaded successfully
[21:30:14] [Server thread/INFO]: Registering commands with com.sk89q.worldedit.bukkit.BukkitServerInterface
[21:30:14] [Server thread/INFO]: WEPIF: Updated config file
[21:30:14] [Server thread/INFO]: WEPIF: Using the Bukkit Permissions API.
[21:30:15] [Server thread/INFO]: Using com.sk89q.worldedit.bukkit.adapter.impl.fawe.v1_21_R1.PaperweightFaweAdapter as the Bukkit adapter
[21:30:16] [Server thread/WARN]: **** SERVER IS RUNNING IN OFFLINE/INSECURE MODE!
[21:30:16] [Server thread/WARN]: The server will make no attempt to authenticate usernames. Beware.
[21:30:16] [Server thread/WARN]: While this makes the game possible to play without internet access, it also opens up the ability for hackers to connect with any username they choose.
[21:30:16] [Server thread/WARN]: To change this, set "online-mode" to "true" in the server.properties file.
[21:30:16] [Server thread/INFO]: Preparing level "world"
[21:30:16] [Server thread/INFO]: Preparing start region for dimension minecraft:overworld
[21:30:17] [Server thread/INFO]: Time elapsed: 1012 ms
[21:30:17] [Server thread/INFO]: Preparing start region for dimension minecraft:the_nether
[21:30:17] [Server thread/INFO]: Time elapsed: 177 ms
[21:30:17] [Server thread/INFO]: Preparing start region for dimension minecraft:the_end
[21:30:17] [Server thread/INFO]: Time elapsed: 105 ms
[21:30:18] [Server thread/INFO]: [spark] Starting background profiler...
[21:30:18] [Server thread/INFO]: Done preparing level "world" (2.534s)
[21:30:18] [Server thread/INFO]: Running delayed init tasks
[21:30:18] [Server thread/INFO]: Done (17.838s)! For help, type "help"
[21:30:18] [Server thread/INFO]: Timings Reset
[21:31:18] [User Authenticator #0/INFO]: UUID of player _ItsSam is e085de08-dde4-371b-8b53-9e3baa457839
[21:31:20] [Server thread/INFO]: _ItsSam joined the game
[21:31:20] [Server thread/INFO]: _ItsSam[/127.151.225.67:50601] logged in with entity id 102 at ([world]15.154192788335365, 82.0, 15.458340262320252)
[21:31:24] [Server thread/INFO]: _ItsSam issued server command: /time set day
[21:31:24] [Server thread/INFO]: [_ItsSam: Set the time to 1000]
[21:31:27] [Server thread/INFO]: _ItsSam issued server command: /pl
[21:31:30] [Server thread/INFO]: _ItsSam issued server command: //w
[21:31:41] [Server thread/INFO]: No TreeType mapping for TreeGenerator.TreeType.PALE_OAK
[21:31:41] [Server thread/INFO]: The above message is displayed because your FAWE version is newer than 1.21-130-b1b5d4c (MC: 1.21) and contains features of future minecraft versions which do not exist in 1.21-130-b1b5d4c (MC: 1.21) hence the tree type PALE_OAK is not available. This is not an error. This version of FAWE will work on your version of  Minecraft. This is an informative message only.
[21:31:41] [Server thread/INFO]: No TreeType mapping for TreeGenerator.TreeType.PALE_OAK_CREAKING
[21:31:41] [Server thread/INFO]: The above message is displayed because your FAWE version is newer than 1.21-130-b1b5d4c (MC: 1.21) and contains features of future minecraft versions which do not exist in 1.21-130-b1b5d4c (MC: 1.21) hence the tree type PALE_OAK_CREAKING is not available. This is not an error. This version of FAWE will work on your version of  Minecraft. This is an informative message only.
[21:31:49] [Server thread/INFO]: _ItsSam issued server command: //cut
[21:31:49] [AsyncNotifyKeyedQueue - 0/INFO]: Using com.sk89q.worldedit.bukkit.adapter.impl.fawe.v1_21_R1.PaperweightStarlightRelighterFactory as relighter factory.
[21:31:56] [Server thread/INFO]: _ItsSam issued server command: //undo
[21:53:31] [Server thread/INFO]: Stopping the server
[21:53:31] [Server thread/INFO]: Stopping server
[21:53:31] [Server thread/INFO]: [FastAsyncWorldEdit] Disabling FastAsyncWorldEdit v2.13.1-SNAPSHOT-1130;ef7e84e
[21:53:31] [Server thread/INFO]: Unregistering com.sk89q.worldedit.bukkit.BukkitServerInterface from WorldEdit
[21:53:31] [Server thread/INFO]: Saving players
[21:53:31] [Server thread/INFO]: _ItsSam lost connection: Server closed
[21:53:31] [Server thread/INFO]: _ItsSam left the game
[21:53:31] [Server thread/INFO]: Saving worlds
[21:53:31] [Server thread/INFO]: Saving chunks for level 'ServerLevel[world]'/minecraft:overworld
[21:53:31] [Server thread/INFO]: [ChunkHolderManager] Waiting 60s for chunk system to halt for world 'world'
[21:53:31] [Server thread/INFO]: [ChunkHolderManager] Halted chunk system for world 'world'
[21:53:31] [Server thread/INFO]: [ChunkHolderManager] Saving all chunkholders for world 'world'
[21:53:32] [Server thread/INFO]: [ChunkHolderManager] Saved 938 block chunks, 173 entity chunks, 3 poi chunks in world 'world' in 1.05s
[21:53:32] [Server thread/INFO]: Saving chunks for level 'ServerLevel[world_nether]'/minecraft:the_nether
[21:53:32] [Server thread/INFO]: [ChunkHolderManager] Waiting 60s for chunk system to halt for world 'world_nether'
[21:53:32] [Server thread/INFO]: [ChunkHolderManager] Halted chunk system for world 'world_nether'
[21:53:32] [Server thread/INFO]: [ChunkHolderManager] Saving all chunkholders for world 'world_nether'
[21:53:32] [Server thread/INFO]: [ChunkHolderManager] Saved 0 block chunks, 0 entity chunks, 0 poi chunks in world 'world_nether' in 0.00s
[21:53:32] [Server thread/INFO]: Saving chunks for level 'ServerLevel[world_the_end]'/minecraft:the_end
[21:53:32] [Server thread/INFO]: [ChunkHolderManager] Waiting 60s for chunk system to halt for world 'world_the_end'
[21:53:32] [Server thread/INFO]: [ChunkHolderManager] Halted chunk system for world 'world_the_end'
[21:53:32] [Server thread/INFO]: [ChunkHolderManager] Saving all chunkholders for world 'world_the_end'
[21:53:32] [Server thread/INFO]: [ChunkHolderManager] Saved 0 block chunks, 10 entity chunks, 0 poi chunks in world 'world_the_end' in 0.01s
[21:53:32] [Server thread/INFO]: ThreadedAnvilChunkStorage (world): All chunks are saved
[21:53:32] [Server thread/INFO]: ThreadedAnvilChunkStorage (DIM-1): All chunks are saved
[21:53:32] [Server thread/INFO]: ThreadedAnvilChunkStorage (DIM1): All chunks are saved
[21:53:32] [Server thread/INFO]: ThreadedAnvilChunkStorage: All dimensions are saved
